<?xml version="1.0" encoding="UTF-8"?>
<!-- Generated by org.testng.reporters.JUnitReportReporter -->
<testsuite skipped="0" hostname="LAPTOP-JQ2MJO8F" name="bookingFlight.HomePage" tests="1" failures="0" timestamp="2022-07-15T15:18:39 BST" time="29.620" errors="0">
  <testcase name="frontPageNavigation" time="29.620" classname="bookingFlight.HomePage"/>
  <system-out/>
</testsuite> <!-- bookingFlight.HomePage -->
